<?xml version="1.0" encoding="UTF-8"?>
<testsuite name="com.gildedrose.GildedRoseTest" tests="1" skipped="0" failures="0" errors="0" timestamp="2024-03-01T20:54:59" hostname="pool-100-15-7-130.washdc.fios.verizon.net" time="0.017">
  <properties/>
  <testcase name="foo()" classname="com.gildedrose.GildedRoseTest" time="0.017"/>
  <system-out><![CDATA[]]></system-out>
  <system-err><![CDATA[]]></system-err>
</testsuite>
